<?xml version="1.0" encoding="UTF-8"?>
<testng-results skipped="0" failed="0" ignored="0" total="1" passed="1">
  <reporter-output>
  </reporter-output>
  <suite name="Default suite" duration-ms="7796" started-at="2020-07-08T18:09:07 CDT" finished-at="2020-07-08T18:09:15 CDT">
    <groups>
    </groups>
    <test name="Default test" duration-ms="7796" started-at="2020-07-08T18:09:07 CDT" finished-at="2020-07-08T18:09:15 CDT">
      <class name="tests.LoginTest">
        <test-method status="PASS" signature="ParaBankLogin()[pri:0, instance:tests.LoginTest@5c5a1b69]" name="ParaBankLogin" duration-ms="7723" started-at="2020-07-08T18:09:07 CDT" finished-at="2020-07-08T18:09:15 CDT">
          <reporter-output>
          </reporter-output>
        </test-method> <!-- ParaBankLogin -->
      </class> <!-- tests.LoginTest -->
    </test> <!-- Default test -->
  </suite> <!-- Default suite -->
</testng-results>
